<?xml version="1.0" encoding="UTF-8"?>
<testsuite name="br.com.luishenrique.bonus_funcionario.service.BonusServiceTest" tests="3" skipped="0" failures="0" errors="0" timestamp="2021-06-24T21:38:15" hostname="DESKTOP-PRVTKKS" time="0.153">
  <properties/>
  <testcase name="bonusDeveriaDezPorCentoSalario()" classname="br.com.luishenrique.bonus_funcionario.service.BonusServiceTest" time="0.1"/>
  <testcase name="bonusDeveriaZeroParaFuncionarioComSalarioMuitoAlto()" classname="br.com.luishenrique.bonus_funcionario.service.BonusServiceTest" time="0.009"/>
  <testcase name="bonusDeveriaDarBonusDeDezPorCentoParaSalarioDeAte10000()" classname="br.com.luishenrique.bonus_funcionario.service.BonusServiceTest" time="0.024"/>
  <system-out><![CDATA[]]></system-out>
  <system-err><![CDATA[]]></system-err>
</testsuite>
